<?xml version="1.0" encoding="utf-8"?><testsuites><testsuite name="pytest" errors="0" failures="0" skipped="0" tests="4" time="0.334" timestamp="2025-03-31T18:22:21.514875+05:00" hostname="DESKTOP-D1LODO1"><testcase classname="test_script" name="test_get_html" time="0.001" /><testcase classname="test_script" name="test_get_coll_of_hrefs" time="0.003" /><testcase classname="test_script" name="test_create_csv_doc" time="0.002" /><testcase classname="test_script" name="test_get_first_href" time="0.001" /></testsuite></testsuites>